<?xml version="1.0" encoding="UTF-8"?>
<testng-results skipped="0" failed="0" ignored="0" total="1" passed="1">
  <reporter-output>
  </reporter-output>
  <suite name="Default suite" duration-ms="33349" started-at="2018-04-22T12:03:21Z" finished-at="2018-04-22T12:03:54Z">
    <groups>
    </groups>
    <test name="Default test" duration-ms="33349" started-at="2018-04-22T12:03:21Z" finished-at="2018-04-22T12:03:54Z">
      <class name="PageTest">
        <test-method status="PASS" signature="setUp()[pri:0, instance:PageTest@61832929]" name="setUp" is-config="true" duration-ms="2711" started-at="2018-04-22T12:03:21Z" finished-at="2018-04-22T12:03:24Z">
          <reporter-output>
          </reporter-output>
        </test-method> <!-- setUp -->
        <test-method status="PASS" signature="test1()[pri:0, instance:PageTest@61832929]" name="test1" duration-ms="29991" started-at="2018-04-22T12:03:24Z" finished-at="2018-04-22T12:03:54Z">
          <reporter-output>
          </reporter-output>
        </test-method> <!-- test1 -->
        <test-method status="PASS" signature="tearDown()[pri:0, instance:PageTest@61832929]" name="tearDown" is-config="true" duration-ms="622" started-at="2018-04-22T12:03:54Z" finished-at="2018-04-22T12:03:54Z">
          <reporter-output>
          </reporter-output>
        </test-method> <!-- tearDown -->
      </class> <!-- PageTest -->
    </test> <!-- Default test -->
  </suite> <!-- Default suite -->
</testng-results>
